<?xml version="1.0" encoding="UTF-8"?>
<!-- Generated by org.testng.reporters.JUnitXMLReporter -->
<testsuite ignored="0" hostname="DESKTOP-O9OR2BF" failures="0" tests="1" name="Test1" time="4.023" errors="0" timestamp="2022-07-30T23:45:56 IST">
  <testcase classname="advTask.TestScenario" name="@BeforeMethod setup" time="3.916">
    <failure type="org.openqa.selenium.SessionNotCreatedException" message="Could not start a new session. Response code 500. Message: Web Automation testing lifetime days exceeded for your organization.
Build info: version: &amp;apos;4.3.0&amp;apos;, revision: &amp;apos;a4995e2c09*&amp;apos;
System info: host: &amp;apos;DESKTOP-O9OR2BF&amp;apos;, ip: &amp;apos;172.21.16.1&amp;apos;, os.name: &amp;apos;Windows 10&amp;apos;, os.arch: &amp;apos;amd64&amp;apos;, os.version: &amp;apos;10.0&amp;apos;, java.version: &amp;apos;17.0.3&amp;apos;
Driver info: org.openqa.selenium.remote.RemoteWebDriver
Command: [null, newSession {capabilities=[Capabilities {browserName: Chrome, platformName: Windows 10}], desiredCapabilities=Capabilities {browserName: Chrome, build: TestNG With Java, name: TestScenario1advTask.TestSc..., platform: Windows 10, plugin: git-testng, resolution: 1024x768, tags: [Feature, Magicleap, Severe], version: 86.0}}]
Capabilities {}">
      <![CDATA[org.openqa.selenium.SessionNotCreatedException: Could not start a new session. Response code 500. Message: Web Automation testing lifetime days exceeded for your organization.
Build info: version: '4.3.0', revision: 'a4995e2c09*'
System info: host: 'DESKTOP-O9OR2BF', ip: '172.21.16.1', os.name: 'Windows 10', os.arch: 'amd64', os.version: '10.0', java.version: '17.0.3'
Driver info: org.openqa.selenium.remote.RemoteWebDriver
Command: [null, newSession {capabilities=[Capabilities {browserName: Chrome, platformName: Windows 10}], desiredCapabilities=Capabilities {browserName: Chrome, build: TestNG With Java, name: TestScenario1advTask.TestSc..., platform: Windows 10, plugin: git-testng, resolution: 1024x768, tags: [Feature, Magicleap, Severe], version: 86.0}}]
Capabilities {}
at org.openqa.selenium.remote.ProtocolHandshake.createSession(ProtocolHandshake.java:144)
at org.openqa.selenium.remote.ProtocolHandshake.createSession(ProtocolHandshake.java:102)
at org.openqa.selenium.remote.ProtocolHandshake.createSession(ProtocolHandshake.java:67)
at org.openqa.selenium.remote.HttpCommandExecutor.execute(HttpCommandExecutor.java:156)
at org.openqa.selenium.remote.TracedCommandExecutor.execute(TracedCommandExecutor.java:51)
at org.openqa.selenium.remote.RemoteWebDriver.execute(RemoteWebDriver.java:569)
at org.openqa.selenium.remote.RemoteWebDriver.startSession(RemoteWebDriver.java:264)
at org.openqa.selenium.remote.RemoteWebDriver.<init>(RemoteWebDriver.java:179)
at org.openqa.selenium.remote.RemoteWebDriver.<init>(RemoteWebDriver.java:161)
at advTask.TestScenario.setup(TestScenario.java:52)
at java.base/java.util.ArrayList.forEach(ArrayList.java:1511)
at java.base/java.util.concurrent.FutureTask.run(FutureTask.java:264)
at java.base/java.util.concurrent.ThreadPoolExecutor.runWorker(ThreadPoolExecutor.java:1136)
at java.base/java.util.concurrent.ThreadPoolExecutor$Worker.run(ThreadPoolExecutor.java:635)
at java.base/java.lang.Thread.run(Thread.java:833)
... Removed 22 stack frames]]>
    </failure>
  </testcase> <!-- @BeforeMethod setup -->
  <testcase classname="advTask.TestScenario" name="@AfterMethod tearDown" time="-1.659204955979E9">
    <skipped/>
  </testcase> <!-- @AfterMethod tearDown -->
  <testcase classname="advTask.TestScenario" name="TestScenario1" time="0.0">
    <skipped/>
  </testcase> <!-- TestScenario1 -->
</testsuite> <!-- Test1 -->
